Formatting '/mnt/pve/sdb/images/3010/vm-3010-disk-0.raw', fmt=raw size=21474836480 preallocation=off
Creating filesystem with 5242880 4k blocks and 1310720 inodes
Filesystem UUID: 105dd4a5-a397-4420-8ad7-bb7ba4c04240
Superblock backups stored on blocks: 
	32768, 98304, 163840, 229376, 294912, 819200, 884736, 1605632, 2654208, 
extracting archive '/var/lib/vz/template/cache/ubuntu-24.10-standard_24.10-1_amd64.tar.zst'
Total bytes read: 570439680 (545MiB, 195MiB/s)
Creating SSH host key 'ssh_host_ecdsa_key' - this may take some time ...
done: SHA256:AManxAGpvILyaukK+5MGzbNYzxJLVHMF/LvQP2pw9h8 root@ubuntu-tmpl
Creating SSH host key 'ssh_host_ed25519_key' - this may take some time ...
done: SHA256:6CLgO2AB0+lXoZaAhvoDHRmoAAy0XVCb/IJBJjJ+fiI root@ubuntu-tmpl
Creating SSH host key 'ssh_host_rsa_key' - this may take some time ...
done: SHA256:cddLVeXgKM1TPiNFGv8bkG3Lo7lr6gw4lFUjQRHQt24 root@ubuntu-tmpl
Creating SSH host key 'ssh_host_dsa_key' - this may take some time ...
done: SHA256:tGUnhpE/cjRwgxawItZH05zNETe+k4wWK7vS5+2Jn2Q root@ubuntu-tmpl
W: Failed to fetch http://archive.ubuntu.com/ubuntu/dists/plucky/InRelease  Could not connect to 10.11.3.20:3142 (10.11.3.20). - connect (113: No route to host)
W: Failed to fetch http://archive.ubuntu.com/ubuntu/dists/plucky-updates/InRelease  Unable to connect to 10.11.3.20:3142:
W: Failed to fetch http://archive.ubuntu.com/ubuntu/dists/plucky-security/InRelease  Unable to connect to 10.11.3.20:3142:
W: Some index files failed to download. They have been ignored, or old ones used instead.
W: Failed to fetch http://archive.ubuntu.com/ubuntu/dists/plucky/InRelease  Could not connect to 10.11.3.20:3142 (10.11.3.20). - connect (113: No route to host)
W: Failed to fetch http://archive.ubuntu.com/ubuntu/dists/plucky-updates/InRelease  Unable to connect to 10.11.3.20:3142:
W: Failed to fetch http://archive.ubuntu.com/ubuntu/dists/plucky-security/InRelease  Unable to connect to 10.11.3.20:3142:
W: Some index files failed to download. They have been ignored, or old ones used instead.
INFO: backup mode: stop
INFO: ionice priority: 7
INFO: CT Name: ubuntu-tmpl
INFO: including mount point rootfs ('/') in backup
INFO: creating vzdump archive '/var/lib/vz/template/cache/vzdump-lxc-3010-2025_11_12-16_58_33.tar.zst'
INFO: Total bytes written: 519096320 (496MiB, 86MiB/s)
INFO: archive file size: 151MB
INFO: Finished Backup of VM 3010 (00:00:06)
INFO: Backup finished at 2025-11-12 16:58:39
INFO: Backup job finished successfully
-rw-r--r-- 1 root root 152M Nov 12 16:58 /var/lib/vz/template/cache/ubuntu-25.04-template_20251112_amd64.tar.zst
Formatting '/mnt/pve/sdb/images/3008/vm-3008-disk-0.raw', fmt=raw size=42949672960 preallocation=off
Creating filesystem with 10485760 4k blocks and 2621440 inodes
Filesystem UUID: 34919078-2912-45cf-a3db-1fc7e9a60da1
Superblock backups stored on blocks: 
	32768, 98304, 163840, 229376, 294912, 819200, 884736, 1605632, 2654208, 
	4096000, 7962624
extracting archive '/var/lib/vz/template/cache/ubuntu-24.10-standard_24.10-1_amd64.tar.zst'
Total bytes read: 570439680 (545MiB, 214MiB/s)
Creating SSH host key 'ssh_host_dsa_key' - this may take some time ...
done: SHA256:gsl6NKJ267CEUk9i9ZnJh5hoGjADuOgOGxhIOLYA5dE root@docker-tmpl
Creating SSH host key 'ssh_host_ecdsa_key' - this may take some time ...
done: SHA256:rpLb4UU/vEHpiFuLvdPYOCoV3qxD7u1nu54tClAJI9I root@docker-tmpl
Creating SSH host key 'ssh_host_rsa_key' - this may take some time ...
done: SHA256:z9AYEosmj8CDGH2zJZlfXrFc/v9mjck99eW7j1RjAMw root@docker-tmpl
Creating SSH host key 'ssh_host_ed25519_key' - this may take some time ...
done: SHA256:fclcrR2zHS/yn+qOs0zphNUEuy9OM3RppMBSuPjgGCI root@docker-tmpl
jaal ALL=(ALL) NOPASSWD: ALL
# Host 10.11.3.8 found: line 176
  Unable to connect to 10.11.3.20:3142:
Err:3 http://archive.ubuntu.com/ubuntu plucky-security InRelease
  Unable to connect to 10.11.3.20:3142:
Reading package lists...
Building dependency tree...
All packages are up to date.
Warning: Failed to fetch http://archive.ubuntu.com/ubuntu/dists/plucky/InRelease  Could not connect to 10.11.3.20:3142 (10.11.3.20). - connect (113: No route to host)
Warning: Failed to fetch http://archive.ubuntu.com/ubuntu/dists/plucky-updates/InRelease  Unable to connect to 10.11.3.20:3142:
Warning: Failed to fetch http://archive.ubuntu.com/ubuntu/dists/plucky-security/InRelease  Unable to connect to 10.11.3.20:3142:
Warning: Some index files failed to download. They have been ignored, or old ones used instead.
is only available from another source

Error: Package 'curl' has no installation candidate
Error: Unable to locate package software-properties-common
Error: Package 'gnupg' has no installation candidate

WARNING: apt does not have a stable CLI interface. Use with caution in scripts.

Reading package lists...
Building dependency tree...
Calculating upgrade...
Summary:
  Upgrading: 0, Installing: 0, Removing: 0, Not Upgrading: 0
curl not available, installing docker.io...

WARNING: apt does not have a stable CLI interface. Use with caution in scripts.

Reading package lists...
Building dependency tree...
Error: Unable to locate package docker.io
Error: Couldn't find any package by glob 'docker.io'
Error: Unable to locate package containerd.io
Error: Couldn't find any package by glob 'containerd.io'

WARNING: apt does not have a stable CLI interface. Use with caution in scripts.

Reading package lists...
Building dependency tree...
Error: Unable to locate package docker.io
Error: Couldn't find any package by glob 'docker.io'
Error: Unable to locate package containerd.io
Error: Couldn't find any package by glob 'containerd.io'
Error: Unable to locate package docker-compose-plugin
usermod: group 'docker' does not exist
Failed to enable unit: Unit docker.service does not exist
bash: line 1: docker: command not found
INFO: creating vzdump archive '/var/lib/vz/template/cache/vzdump-lxc-3008-2025_11_12-17_00_07.tar.zst'
INFO: archive file size: 151MB
INFO: Finished Backup of VM 3008 (00:00:06)
Template created: docker-ubuntu25.04-template_20251112_amd64.tar.zst
update successful
Formatting '/mnt/pve/sdb/images/3020/vm-3020-disk-0.raw', fmt=raw size=21474836480 preallocation=off
Creating filesystem with 5242880 4k blocks and 1310720 inodes
Filesystem UUID: b93ac83c-68e8-4911-b5d2-ff3f2dc58d65
Superblock backups stored on blocks: 
	32768, 98304, 163840, 229376, 294912, 819200, 884736, 1605632, 2654208, 
extracting archive '/var/lib/vz/template/cache/ubuntu-25.04-template_20251112_amd64.tar.zst'
tar: ./var/spool/postfix/dev/random: Cannot mknod: Operation not permitted
tar: ./var/spool/postfix/dev/urandom: Cannot mknod: Operation not permitted
Total bytes read: 519096320 (496MiB, 248MiB/s)
tar: Exiting with failure status due to previous errors
unable to create CT 3020 - command 'lxc-usernsexec -m u:0:100000:65536 -m g:0:100000:65536 -- tar xpf - --zstd --totals --one-file-system -p --sparse --numeric-owner --acls --xattrs '--xattrs-include=user.*' '--xattrs-include=security.capability' '--warning=no-file-ignored' '--warning=no-xattr-write' -C /var/lib/lxc/3020/rootfs --skip-old-files --anchored --exclude './dev/*'' failed: exit code 2
Configuration file 'nodes/pve/lxc/3020.conf' does not exist
Configuration file 'nodes/pve/lxc/3020.conf' does not exist
Configuration file 'nodes/pve/lxc/3020.conf' does not exist
# Host 10.11.3.20 found: line 172
Configuration file 'nodes/pve/lxc/3020.conf' does not exist
Configuration file 'nodes/pve/lxc/3020.conf' does not exist
Configuration file 'nodes/pve/lxc/3020.conf' does not exist
Configuration file 'nodes/pve/lxc/3020.conf' does not exist
Configuration file 'nodes/pve/lxc/3020.conf' does not exist
Configuration file 'nodes/pve/lxc/3020.conf' does not exist
Configuration file 'nodes/pve/lxc/3020.conf' does not exist
Configuration file 'nodes/pve/lxc/3020.conf' does not exist
Configuration file 'nodes/pve/lxc/3020.conf' does not exist
Formatting '/mnt/pve/sdb/images/3018/vm-3018-disk-0.raw', fmt=raw size=32212254720 preallocation=off
Creating filesystem with 7864320 4k blocks and 1966080 inodes
Filesystem UUID: 136413b3-00ba-4e3c-9705-c7261f83a352
Superblock backups stored on blocks: 
	32768, 98304, 163840, 229376, 294912, 819200, 884736, 1605632, 2654208, 
extracting archive '/var/lib/vz/template/cache/ubuntu-25.04-template_20251112_amd64.tar.zst'
tar: ./var/spool/postfix/dev/random: Cannot mknod: Operation not permitted
tar: ./var/spool/postfix/dev/urandom: Cannot mknod: Operation not permitted
Total bytes read: 519096320 (496MiB, 245MiB/s)
tar: Exiting with failure status due to previous errors
unable to create CT 3018 - command 'lxc-usernsexec -m u:0:100000:65536 -m g:0:100000:65536 -- tar xpf - --zstd --totals --one-file-system -p --sparse --numeric-owner --acls --xattrs '--xattrs-include=user.*' '--xattrs-include=security.capability' '--warning=no-file-ignored' '--warning=no-xattr-write' -C /var/lib/lxc/3018/rootfs --skip-old-files --anchored --exclude './dev/*'' failed: exit code 2
Configuration file 'nodes/pve/lxc/3018.conf' does not exist
Configuration file 'nodes/pve/lxc/3018.conf' does not exist
Configuration file 'nodes/pve/lxc/3018.conf' does not exist
Configuration file 'nodes/pve/lxc/3018.conf' does not exist
Configuration file 'nodes/pve/lxc/3018.conf' does not exist
Configuration file 'nodes/pve/lxc/3018.conf' does not exist
Configuration file 'nodes/pve/lxc/3018.conf' does not exist
Configuration file 'nodes/pve/lxc/3018.conf' does not exist
Configuration file 'nodes/pve/lxc/3018.conf' does not exist
Configuration file 'nodes/pve/lxc/3018.conf' does not exist
Configuration file 'nodes/pve/lxc/3018.conf' does not exist
Configuration file 'nodes/pve/lxc/3018.conf' does not exist
Configuration file 'nodes/pve/lxc/3018.conf' does not exist
Configuration file 'nodes/pve/lxc/3018.conf' does not exist
Configuration file 'nodes/pve/lxc/3018.conf' does not exist
Formatting '/mnt/pve/sdb/images/3017/vm-3017-disk-0.raw', fmt=raw size=10737418240 preallocation=off
Creating filesystem with 2621440 4k blocks and 655360 inodes
Filesystem UUID: db562079-f6f8-4139-b7a8-53618777d3ed
Superblock backups stored on blocks: 
	32768, 98304, 163840, 229376, 294912, 819200, 884736, 1605632
extracting archive '/var/lib/vz/template/cache/ubuntu-25.04-template_20251112_amd64.tar.zst'
Total bytes read: 519096320 (496MiB, 253MiB/s)
Creating SSH host key 'ssh_host_rsa_key' - this may take some time ...
done: SHA256:9EtIl/pqaWXEMk1YPAKYBljmcDKe4lr50LdRnvlThKQ root@haproxy
Creating SSH host key 'ssh_host_ed25519_key' - this may take some time ...
done: SHA256:mcsJx41bJz8WnIBxLoEE+ZASiguFdYEJEi8rOzMmCoA root@haproxy
Creating SSH host key 'ssh_host_ecdsa_key' - this may take some time ...
done: SHA256:UjlzIfhGG01NL/7fudLb7/9P5AUKvEIpV+7lmOgdBDw root@haproxy
Creating SSH host key 'ssh_host_dsa_key' - this may take some time ...
done: SHA256:yXE0HACG5LWGy5aQBwIQ4QGXDRYAiD+ayOc5ChZx8Dw root@haproxy
User exists
jaal ALL=(ALL) NOPASSWD: ALL
# Host 10.11.3.17 found: line 171

WARNING: apt does not have a stable CLI interface. Use with caution in scripts.

Reading package lists...
Building dependency tree...
Error: Unable to locate package haproxy
bash: line 1: /etc/haproxy/haproxy.cfg: No such file or directory
Failed to enable unit: Unit haproxy.service does not exist
bash: line 1: haproxy: command not found
Formatting '/mnt/pve/sdb/images/3005/vm-3005-disk-0.raw', fmt=raw size=42949672960 preallocation=off
Creating filesystem with 10485760 4k blocks and 2621440 inodes
Filesystem UUID: 2da3393e-459e-4ca5-99f1-9e0e7170b7e7
Superblock backups stored on blocks: 
	32768, 98304, 163840, 229376, 294912, 819200, 884736, 1605632, 2654208, 
	4096000, 7962624
extracting archive '/var/lib/vz/template/cache/docker-ubuntu25.04-template_20251112_amd64.tar.zst'
Total bytes read: 510720000 (488MiB, 244MiB/s)
Creating SSH host key 'ssh_host_ecdsa_key' - this may take some time ...
done: SHA256:SppxM955ABqpv8vp9kDlD7qTI+SWZX0j8zbXiWstIBA root@swarm-manager
Creating SSH host key 'ssh_host_rsa_key' - this may take some time ...
done: SHA256:TURn9iebCCPIXraU/xpCLZfTDB0gt6WyBAWGuN9s9so root@swarm-manager
Creating SSH host key 'ssh_host_ed25519_key' - this may take some time ...
done: SHA256:sh88jGXVl/J3NJGNrVLUWvxYqbYgxDVoMt4/g44cDa8 root@swarm-manager
Creating SSH host key 'ssh_host_dsa_key' - this may take some time ...
done: SHA256:F7guog7Q4DbjEQ29+JGbo6QeUsvfwxFX8hM1bgzwhPQ root@swarm-manager
# Host 10.11.3.5 found: line 177
# Host 10.11.3.5 found: line 178
# Host 10.11.3.5 found: line 179

WARNING: apt does not have a stable CLI interface. Use with caution in scripts.

Reading package lists...
Building dependency tree...
Error: Unable to locate package docker.io
Error: Couldn't find any package by glob 'docker.io'
Error: Unable to locate package containerd.io
Error: Couldn't find any package by glob 'containerd.io'
Failed to enable unit: Unit docker.service does not exist
net.ipv4.ip_unprivileged_port_start = 0
Formatting '/mnt/pve/sdb/images/3006/vm-3006-disk-0.raw', fmt=raw size=42949672960 preallocation=off
Creating filesystem with 10485760 4k blocks and 2621440 inodes
Filesystem UUID: 080acdb5-404e-4a5f-8e26-99d96b11378a
Superblock backups stored on blocks: 
	32768, 98304, 163840, 229376, 294912, 819200, 884736, 1605632, 2654208, 
	4096000, 7962624
extracting archive '/var/lib/vz/template/cache/docker-ubuntu25.04-template_20251112_amd64.tar.zst'
Total bytes read: 510720000 (488MiB, 236MiB/s)
Creating SSH host key 'ssh_host_ecdsa_key' - this may take some time ...
done: SHA256:rAEplEwQ3xtpfd5ixs5yV3HOavc6eli9SK84HCjjlAw root@swarm-node-1
Creating SSH host key 'ssh_host_dsa_key' - this may take some time ...
done: SHA256:TOEqRvKEi8OSii8rUBG6+Hz2tucHa1idaQVkGxf+FJg root@swarm-node-1
Creating SSH host key 'ssh_host_rsa_key' - this may take some time ...
done: SHA256:Cm3L00zQMHMyjVjCj7OJk8lw5Zq0j0vhefBosei3czk root@swarm-node-1
Creating SSH host key 'ssh_host_ed25519_key' - this may take some time ...
done: SHA256:A10lFFCqeIxMR5s6P6rD017VTfWMOGLziqNblN4jzH8 root@swarm-node-1
# Host 10.11.3.6 found: line 166

WARNING: apt does not have a stable CLI interface. Use with caution in scripts.

Reading package lists...
Building dependency tree...
Error: Unable to locate package docker.io
Error: Couldn't find any package by glob 'docker.io'
Error: Unable to locate package containerd.io
Error: Couldn't find any package by glob 'containerd.io'
Failed to enable unit: Unit docker.service does not exist
Formatting '/mnt/pve/sdb/images/3007/vm-3007-disk-0.raw', fmt=raw size=42949672960 preallocation=off
Creating filesystem with 10485760 4k blocks and 2621440 inodes
Filesystem UUID: 2d51db02-809f-43a4-893c-b583009008e4
Superblock backups stored on blocks: 
	32768, 98304, 163840, 229376, 294912, 819200, 884736, 1605632, 2654208, 
	4096000, 7962624
extracting archive '/var/lib/vz/template/cache/docker-ubuntu25.04-template_20251112_amd64.tar.zst'
Total bytes read: 510720000 (488MiB, 243MiB/s)
Creating SSH host key 'ssh_host_dsa_key' - this may take some time ...
done: SHA256:qnGKw0N8wXCl9qZXswFLGw/GQf0FO9y5d7MHZuFXTnY root@swarm-node-2
Creating SSH host key 'ssh_host_rsa_key' - this may take some time ...
done: SHA256:6IJh8G7Vb6lGmcjenvzsC49K4l28meLRMpCJJv+q0bo root@swarm-node-2
Creating SSH host key 'ssh_host_ed25519_key' - this may take some time ...
done: SHA256:LNI8d5Rml9HqhAo4A8poncTQfpez3EB/BHaf7qYAWgk root@swarm-node-2
Creating SSH host key 'ssh_host_ecdsa_key' - this may take some time ...
done: SHA256:Wm0O1JtC23Za0An1c2AEg79QwzoUWlq7J1P28tOdpyU root@swarm-node-2
# Host 10.11.3.7 found: line 167

WARNING: apt does not have a stable CLI interface. Use with caution in scripts.

Reading package lists...
Building dependency tree...
Error: Unable to locate package docker.io
Error: Couldn't find any package by glob 'docker.io'
Error: Unable to locate package containerd.io
Error: Couldn't find any package by glob 'containerd.io'
Failed to enable unit: Unit docker.service does not exist

WARNING: apt does not have a stable CLI interface. Use with caution in scripts.

Reading package lists...
Building dependency tree...
Error: Unable to locate package docker.io
Error: Couldn't find any package by glob 'docker.io'
Error: Unable to locate package containerd.io
Error: Couldn't find any package by glob 'containerd.io'
Error: Unable to locate package docker-compose-plugin
Failed to enable unit: Unit docker.service does not exist
bash: line 1: docker: command not found
bash: line 1: docker: command not found
bash: line 1: docker: command not found
==================================================
Deploying Lab Environment
==================================================

[1/3] Creating template 'ubuntu-tmpl' (type: ubuntu)...
Creating container 3010...
Configuring container features...
Starting container...
Container is up (pct exec working)!
Configuring apt cache...
Fixing apt sources...
Setting up user and SSH access...
Upgrading distribution to latest (25.04)...
Installing minimal base tools...
Cleanup for template...
Stopping container...
Creating template archive...
Cleaning up other template archives...
  Destroying existing container 3010...
✓ Ubuntu template 'ubuntu-tmpl' created

[2/3] Creating template 'docker-tmpl' (type: ubuntu+docker)...
Creating container 3008...
Configuring container features...
Starting container...
Container is up (pct exec working)!
Creating user and configuring sudo...
Fixing apt sources...
Updating package lists...
Installing prerequisites...
Upgrading to latest Ubuntu distribution (25.04)...
Installing Docker...
Verifying Docker install...
Docker not found, installing docker.io...
Configuring Docker user group...
Starting Docker service...
Disabling AppArmor for Docker...
Verifying Docker installation...
Cleaning up container-specific data for template...
Stopping container...
Creating template from container...
Cleaning up other template archives...
  Destroying existing container 3008...
✓ Docker template 'docker-tmpl' created

[3/3] Creating container 'apt-cache' (type: apt-cache)...
Creating container 3020 from template...
Starting container...
Configuring network...
Waiting... (1/30)
Waiting... (2/30)
Waiting... (3/30)
Waiting... (4/30)
Waiting... (5/30)
Waiting... (6/30)
Waiting... (7/30)
Waiting... (8/30)
Waiting... (9/30)
Waiting... (10/30)
Waiting... (11/30)
Waiting... (12/30)
Waiting... (13/30)
Waiting... (14/30)
Waiting... (15/30)
Waiting... (16/30)
Waiting... (17/30)
Waiting... (18/30)
Waiting... (19/30)
Waiting... (20/30)
Waiting... (21/30)
Waiting... (22/30)
Waiting... (23/30)
Waiting... (24/30)
Waiting... (25/30)
Waiting... (26/30)
Waiting... (27/30)
Waiting... (28/30)
Waiting... (29/30)
Waiting... (30/30)
WARNING: Container may not be fully ready, but continuing...
Creating user and configuring sudo...
Setting up SSH key...
Configuring DNS...
Fixing apt sources...
Updating package lists...
Upgrading to latest Ubuntu distribution (25.04)...
Installing apt-cacher-ng...
Configuring apt-cacher-ng to use port 3142...
Starting apt-cacher-ng service...
✓ apt-cache container 'apt-cache' created

[4/3] Creating container 'pgsql' (type: pgsql)...
Creating container 3018 from template...
Starting container...
Configuring network...
Waiting... (1/30)
Waiting... (2/30)
Waiting... (3/30)
Waiting... (4/30)
Waiting... (5/30)
Waiting... (6/30)
Waiting... (7/30)
Waiting... (8/30)
Waiting... (9/30)
Waiting... (10/30)
Waiting... (11/30)
Waiting... (12/30)
Waiting... (13/30)
Waiting... (14/30)
Waiting... (15/30)
Waiting... (16/30)
Waiting... (17/30)
Waiting... (18/30)
Waiting... (19/30)
Waiting... (20/30)
Waiting... (21/30)
Waiting... (22/30)
Waiting... (23/30)
Waiting... (24/30)
Waiting... (25/30)
Waiting... (26/30)
Waiting... (27/30)
Waiting... (28/30)
Waiting... (29/30)
Waiting... (30/30)
WARNING: Container may not be fully ready, but continuing...
Creating user and configuring sudo...
Setting up SSH key...
Configuring DNS...
Fixing apt sources...
Configuring apt cache...
Updating package lists...
Upgrading to latest Ubuntu distribution (25.04)...
Installing PostgreSQL 17...
Configuring PostgreSQL...
Configuring PostgreSQL network settings...
⚠ PostgreSQL may not be running
✓ PostgreSQL container 'pgsql' created

[5/3] Creating container 'haproxy' (type: haproxy)...
Creating container 3017 from template...
Starting container...
Configuring network...
Container is up (pct exec working)!
Creating user and configuring sudo...
Setting up SSH key...
Configuring DNS...
Fixing apt sources...
Configuring apt cache...
Installing HAProxy...
Configuring HAProxy...
Configuring HAProxy systemd service for LXC...
Starting HAProxy service...
Systemd start failed, starting HAProxy manually...
✓ HAProxy installed and running
✓ HAProxy container 'haproxy' created

[6/3] Deploying Docker Swarm...
Using template: /var/lib/vz/template/cache/docker-ubuntu25.04-template_20251112_amd64.tar.zst

Deploying container 3005 (swarm-manager)...
Creating container 3005 from template...
Configuring container features...
Configuring LXC container for sysctl access...
Starting container...
Container is up!
Setting up SSH key...
Configuring apt cache...
Verifying Docker installation...
Docker not installed, installing docker.io...
Ensuring SSH service is running on manager...
Configuring sysctl for Docker containers...
✓ Container 3005 (swarm-manager) deployed successfully

Deploying container 3006 (swarm-node-1)...
Creating container 3006 from template...
Configuring container features...
Starting container...
Container is up!
Setting up SSH key...
Configuring apt cache...
Verifying Docker installation...
Docker not installed, installing docker.io...
✓ Container 3006 (swarm-node-1) deployed successfully

Deploying container 3007 (swarm-node-2)...
Creating container 3007 from template...
Configuring container features...
Starting container...
Container is up!
Setting up SSH key...
Configuring apt cache...
Verifying Docker installation...
Docker not installed, installing docker.io...
✓ Container 3007 (swarm-node-2) deployed successfully

Installing Docker on manager...
Starting Docker service on manager...

Initializing Docker Swarm on manager node...
Swarm initialized successfully
Getting worker join token...
Setting manager node availability to drain...
Joining swarm-node-1 (10.11.3.6) to swarm...
WARNING: Node swarm-node-1 join had issues:

Joining swarm-node-2 (10.11.3.7) to swarm...
WARNING: Node swarm-node-2 join had issues:


Verifying swarm status...

Installing Portainer CE...
Creating Portainer container...
Verifying Portainer is running...
WARNING: Portainer container not found
Portainer failed to start. Checking logs...
bash: line 1: docker: command not found
✓ Docker Swarm deployed

[7/3] Setting up GlusterFS distributed storage...

[5/7] Setting up GlusterFS distributed storage...
Installing GlusterFS server on all nodes...
  Installing on swarm-manager...
    ✗ Failed to install GlusterFS on swarm-manager
    Error: W: Failed to fetch http://archive.ubuntu.com/ubuntu/dists/plucky/InRelease  Could not connect to 10.11.3.20:3142 (10.11.3.20). - connect (113: No route to host)
W: Failed to fetch http://archive.ubuntu.com/ubuntu/dists/plucky-updates/InRelease  Unable to connect to 10.11.3.20:3142:
W: Failed to fetc
