2025-11-26 13:10:00 - commands.cleanup          - INFO - ==================================================
2025-11-26 13:10:00 - commands.cleanup          - INFO - Cleaning Up Lab Environment
2025-11-26 13:10:00 - commands.cleanup          - INFO - ==================================================
2025-11-26 13:10:00 - commands.cleanup          - INFO - Destroying ALL containers and templates...
2025-11-26 13:10:00 - paramiko.transport        - INFO - Connected (version 2.0, client OpenSSH_9.2p1)
2025-11-26 13:10:00 - paramiko.transport        - INFO - Authentication (publickey) successful!
2025-11-26 13:10:00 - services.ssh              - INFO - SSH connection established to root@10.11.3.4
2025-11-26 13:10:00 - commands.cleanup          - INFO - Stopping and destroying containers...
2025-11-26 13:10:00 - services.ssh              - INFO - Running: pct list 2>&1
2025-11-26 13:10:02 - services.ssh              - INFO - VMID       Status     Lock         Name                
3005       running                 swarm-manager       
3008       running                 docker-tmpl         
3017       running                 haproxy             
3018       running                 pgsql               
3019       running                 dns                 
3020       running                 apt-cache
2025-11-26 13:10:02 - commands.cleanup          - INFO - Found 6 containers to destroy: 3005, 3008, 3017, 3018, 3019, 3020
2025-11-26 13:10:02 - commands.cleanup          - INFO - [1/6] Processing container 3005...
2025-11-26 13:10:02 - services.ssh              - INFO - Running: pct list | grep '^3005 ' || echo 'not_found'
2025-11-26 13:10:03 - services.ssh              - INFO - 3005       running                 swarm-manager
2025-11-26 13:10:03 - libs.common               - INFO - Stopping and destroying container 3005...
2025-11-26 13:10:03 - services.ssh              - INFO - Running: pct stop 3005 2>/dev/null || true; sleep 2; pct destroy 3005 2>&1
2025-11-26 13:10:10 - services.ssh              - INFO - Running: pct list | grep '^3005 ' || echo 'not_found'
