2025-11-26 13:14:22 - commands.deploy           - INFO - ==================================================
2025-11-26 13:14:22 - commands.deploy           - INFO - Deploying Lab Environment
2025-11-26 13:14:22 - commands.deploy           - INFO - ==================================================
2025-11-26 13:14:22 - commands.deploy           - INFO - 
[1/51] Creating apt-cache container first...
2025-11-26 13:14:22 - libs.container_manager    - INFO - ==================================================
2025-11-26 13:14:22 - libs.container_manager    - INFO - [Overall: 3%] [Container 'apt-cache': 0%] [Step: 2] Starting container creation
2025-11-26 13:14:22 - libs.container_manager    - INFO - ==================================================
2025-11-26 13:14:22 - paramiko.transport        - INFO - Connected (version 2.0, client OpenSSH_9.2p1)
2025-11-26 13:14:22 - paramiko.transport        - INFO - Authentication (publickey) successful!
2025-11-26 13:14:22 - services.ssh              - INFO - SSH connection established to root@10.11.3.4
2025-11-26 13:14:22 - services.ssh              - INFO - Running: pct destroy 3020 --force
2025-11-26 13:14:26 - services.ssh              - INFO - forced to stop CT 3020 before destroying!
2025-11-26 13:14:26 - services.ssh              - INFO - Running: test -f /var/lib/vz/template/cache/ubuntu-25.04-standard_25.04-1.1_amd64.tar.zst && echo exists || echo missing
2025-11-26 13:14:26 - services.ssh              - INFO - exists
2025-11-26 13:14:26 - services.ssh              - INFO - Running: test -f /var/lib/vz/template/cache/ubuntu-25.04-standard_25.04-1.1_amd64.tar.zst && test -r /var/lib/vz/template/cache/ubuntu-25.04-standard_25.04-1.1_amd64.tar.zst && echo 'valid' || echo 'invalid'
2025-11-26 13:14:26 - services.ssh              - INFO - valid
2025-11-26 13:14:26 - libs.container_manager    - INFO - Checking if container 3020 already exists...
2025-11-26 13:14:26 - services.ssh              - INFO - Running: pct list | grep '^3020 ' || echo 'not_found'
2025-11-26 13:14:27 - services.ssh              - INFO - not_found
2025-11-26 13:14:27 - libs.common               - INFO - Container 3020 does not exist, skipping
2025-11-26 13:14:27 - libs.container_manager    - INFO - Creating container 3020 from template...
2025-11-26 13:14:27 - services.ssh              - INFO - Running: pct create 3020 /var/lib/vz/template/cache/ubuntu-25.04-standard_25.04-1.1_amd64.tar.zst --hostname apt-cache --memory 2048 --swap 2048 --cores 4 --net0 name=eth0,bridge=vmbr0,firewall=0,gw=10.11.3.253,ip=10.11.3.20/24,ip6=dhcp,type=veth --rootfs sdb:20 --unprivileged 1 --ostype ubuntu --arch amd64
2025-11-26 13:14:34 - services.ssh              - INFO - Formatting '/mnt/pve/sdb/images/3020/vm-3020-disk-0.raw', fmt=raw size=21474836480 preallocation=off
Creating filesystem with 5242880 4k blocks and 1310720 inodes
Filesystem UUID: 648cfe9a-abee-450a-aa53-5e1613012eec
Superblock backups stored on blocks: 
	32768, 98304, 163840, 229376, 294912, 819200, 884736, 1605632, 2654208, 
extracting archive '/var/lib/vz/template/cache/ubuntu-25.04-standard_25.04-1.1_amd64.tar.zst'
Total bytes read: 590848000 (564MiB, 238MiB/s)
Creating SSH host key 'ssh_host_ecdsa_key' - this may take some time ...
done: SHA256:RqLEYdrwMctNRiSgLqinADJyJM2x2FXAPqwee3z32so root@apt-cache
Creating SSH host key 'ssh_host_rsa_key' - this may take some time ...
done: SHA256:QtKxmZJrGO93i7W+gQGTkjeX9SQH8c86T9nIUVG5QGQ root@apt-cache
Creating SSH host key 'ssh_host_ed25519_key' - this may take some time ...
done: SHA256:eObNuD7NVwvOByjMFVKxcode++hy1n/IwhLFX9uHqBc root@apt-cache
Creating SSH host key 'ssh_host_dsa_key' - this may take some time ...
done: SHA256:vkFEBM3B8mSVDSAKt2bf4flVdIEEUG6jNzjJkmOQXpo root@apt-cache
2025-11-26 13:14:34 - libs.container_manager    - INFO - Setting container features...
2025-11-26 13:14:34 - services.ssh              - INFO - Running: pct set 3020 --features nesting=1,keyctl=1,fuse=1
