2025-11-26 22:38:17 - commands.cleanup          - INFO - ==================================================
2025-11-26 22:38:17 - commands.cleanup          - INFO - Cleaning Up Lab Environment
2025-11-26 22:38:17 - commands.cleanup          - INFO - ==================================================
2025-11-26 22:38:17 - commands.cleanup          - INFO - Destroying ALL containers and templates...
2025-11-26 22:38:17 - paramiko.transport        - INFO - Connected (version 2.0, client OpenSSH_9.2p1)
2025-11-26 22:38:17 - paramiko.transport        - INFO - Authentication (publickey) successful!
2025-11-26 22:38:17 - services.ssh              - INFO - SSH connection established to root@10.11.3.4
2025-11-26 22:38:17 - commands.cleanup          - INFO - Stopping and destroying containers...
2025-11-26 22:38:17 - services.ssh              - INFO - Running: pct list 2>&1
2025-11-26 22:38:19 - commands.cleanup          - INFO - Found 7 containers to destroy: 3005, 3006, 3007, 3017, 3018, 3019, 3020
2025-11-26 22:38:19 - commands.cleanup          - INFO - [1/7] Processing container 3005...
2025-11-26 22:38:19 - services.ssh              - INFO - Running: pct list | grep '^3005 ' || echo 'not_found'
2025-11-26 22:38:20 - libs.common               - INFO - Stopping and destroying container 3005...
2025-11-26 22:38:20 - services.ssh              - INFO - Running: pct stop 3005 2>/dev/null || true; sleep 2; pct destroy 3005 2>&1
2025-11-26 22:38:27 - services.ssh              - INFO - Running: pct list | grep '^3005 ' || echo 'not_found'
2025-11-26 22:38:28 - libs.common               - INFO - Container 3005 destroyed
2025-11-26 22:38:28 - commands.cleanup          - INFO - [2/7] Processing container 3006...
2025-11-26 22:38:28 - services.ssh              - INFO - Running: pct list | grep '^3006 ' || echo 'not_found'
2025-11-26 22:38:30 - libs.common               - INFO - Stopping and destroying container 3006...
2025-11-26 22:38:30 - services.ssh              - INFO - Running: pct stop 3006 2>/dev/null || true; sleep 2; pct destroy 3006 2>&1
2025-11-26 22:38:37 - services.ssh              - INFO - Running: pct list | grep '^3006 ' || echo 'not_found'
2025-11-26 22:38:38 - libs.common               - INFO - Container 3006 destroyed
2025-11-26 22:38:38 - commands.cleanup          - INFO - [3/7] Processing container 3007...
2025-11-26 22:38:38 - services.ssh              - INFO - Running: pct list | grep '^3007 ' || echo 'not_found'
2025-11-26 22:38:39 - libs.common               - INFO - Stopping and destroying container 3007...
2025-11-26 22:38:39 - services.ssh              - INFO - Running: pct stop 3007 2>/dev/null || true; sleep 2; pct destroy 3007 2>&1
2025-11-26 22:38:46 - services.ssh              - INFO - Running: pct list | grep '^3007 ' || echo 'not_found'
2025-11-26 22:38:47 - libs.common               - INFO - Container 3007 destroyed
2025-11-26 22:38:47 - commands.cleanup          - INFO - [4/7] Processing container 3017...
2025-11-26 22:38:47 - services.ssh              - INFO - Running: pct list | grep '^3017 ' || echo 'not_found'
2025-11-26 22:38:49 - libs.common               - INFO - Stopping and destroying container 3017...
2025-11-26 22:38:49 - services.ssh              - INFO - Running: pct stop 3017 2>/dev/null || true; sleep 2; pct destroy 3017 2>&1
2025-11-26 22:38:56 - services.ssh              - INFO - Running: pct list | grep '^3017 ' || echo 'not_found'
2025-11-26 22:38:57 - libs.common               - INFO - Container 3017 destroyed
2025-11-26 22:38:57 - commands.cleanup          - INFO - [5/7] Processing container 3018...
2025-11-26 22:38:57 - services.ssh              - INFO - Running: pct list | grep '^3018 ' || echo 'not_found'
2025-11-26 22:38:58 - libs.common               - INFO - Stopping and destroying container 3018...
2025-11-26 22:38:58 - services.ssh              - INFO - Running: pct stop 3018 2>/dev/null || true; sleep 2; pct destroy 3018 2>&1
2025-11-26 22:39:05 - services.ssh              - INFO - Running: pct list | grep '^3018 ' || echo 'not_found'
2025-11-26 22:39:06 - libs.common               - INFO - Container 3018 destroyed
2025-11-26 22:39:06 - commands.cleanup          - INFO - [6/7] Processing container 3019...
2025-11-26 22:39:06 - services.ssh              - INFO - Running: pct list | grep '^3019 ' || echo 'not_found'
2025-11-26 22:39:08 - libs.common               - INFO - Stopping and destroying container 3019...
2025-11-26 22:39:08 - services.ssh              - INFO - Running: pct stop 3019 2>/dev/null || true; sleep 2; pct destroy 3019 2>&1
2025-11-26 22:39:15 - services.ssh              - INFO - Running: pct list | grep '^3019 ' || echo 'not_found'
2025-11-26 22:39:16 - libs.common               - INFO - Container 3019 destroyed
2025-11-26 22:39:16 - commands.cleanup          - INFO - [7/7] Processing container 3020...
2025-11-26 22:39:16 - services.ssh              - INFO - Running: pct list | grep '^3020 ' || echo 'not_found'
2025-11-26 22:39:17 - libs.common               - INFO - Stopping and destroying container 3020...
2025-11-26 22:39:17 - services.ssh              - INFO - Running: pct stop 3020 2>/dev/null || true; sleep 2; pct destroy 3020 2>&1
2025-11-26 22:39:24 - services.ssh              - INFO - Running: pct list | grep '^3020 ' || echo 'not_found'
2025-11-26 22:39:25 - libs.common               - INFO - Container 3020 destroyed
2025-11-26 22:39:25 - commands.cleanup          - INFO - Verifying all containers are destroyed...
2025-11-26 22:39:25 - services.ssh              - INFO - Running: pct list 2>&1
2025-11-26 22:39:26 - commands.cleanup          - INFO - All containers destroyed
2025-11-26 22:39:26 - commands.cleanup          - INFO - Removing templates...
2025-11-26 22:39:26 - commands.cleanup          - INFO - Cleaning template directory /var/lib/vz/template/cache...
2025-11-26 22:39:26 - services.ssh              - INFO - Running: find /var/lib/vz/template/cache -maxdepth 1 -type f -name '*.tar.zst' -print | wc -l
2025-11-26 22:39:26 - commands.cleanup          - INFO - Removing 2 template files...
2025-11-26 22:39:26 - services.ssh              - INFO - Running: find /var/lib/vz/template/cache -maxdepth 1 -type f -name '*.tar.zst' -delete || true
2025-11-26 22:39:27 - commands.cleanup          - INFO - Templates removed
