2025-11-26 22:57:48 - commands.cleanup          - INFO - ==================================================
2025-11-26 22:57:48 - commands.cleanup          - INFO - Cleaning Up Lab Environment
2025-11-26 22:57:48 - commands.cleanup          - INFO - ==================================================
2025-11-26 22:57:48 - commands.cleanup          - INFO - Destroying ALL containers and templates...
2025-11-26 22:57:48 - paramiko.transport        - INFO - Connected (version 2.0, client OpenSSH_9.2p1)
2025-11-26 22:57:48 - paramiko.transport        - INFO - Authentication (publickey) successful!
2025-11-26 22:57:48 - services.ssh              - INFO - SSH connection established to root@10.11.3.4
2025-11-26 22:57:48 - commands.cleanup          - INFO - Stopping and destroying containers...
2025-11-26 22:57:48 - services.ssh              - INFO - Running: pct list 2>&1
2025-11-26 22:57:50 - commands.cleanup          - INFO - Found 7 containers to destroy: 3005, 3006, 3007, 3017, 3018, 3019, 3020
2025-11-26 22:57:50 - commands.cleanup          - INFO - [1/7] Processing container 3005...
2025-11-26 22:57:50 - services.ssh              - INFO - Running: pct list | grep '^3005 ' || echo 'not_found'
2025-11-26 22:57:51 - libs.common               - INFO - Stopping and destroying container 3005...
2025-11-26 22:57:51 - services.ssh              - INFO - Running: pct stop 3005 2>/dev/null || true; sleep 2; pct destroy 3005 2>&1
2025-11-26 22:57:58 - services.ssh              - INFO - Running: pct list | grep '^3005 ' || echo 'not_found'
2025-11-26 22:58:00 - libs.common               - INFO - Container 3005 destroyed
2025-11-26 22:58:00 - commands.cleanup          - INFO - [2/7] Processing container 3006...
2025-11-26 22:58:00 - services.ssh              - INFO - Running: pct list | grep '^3006 ' || echo 'not_found'
2025-11-26 22:58:01 - libs.common               - INFO - Stopping and destroying container 3006...
2025-11-26 22:58:01 - services.ssh              - INFO - Running: pct stop 3006 2>/dev/null || true; sleep 2; pct destroy 3006 2>&1
2025-11-26 22:58:08 - services.ssh              - INFO - Running: pct list | grep '^3006 ' || echo 'not_found'
2025-11-26 22:58:09 - libs.common               - INFO - Container 3006 destroyed
2025-11-26 22:58:09 - commands.cleanup          - INFO - [3/7] Processing container 3007...
2025-11-26 22:58:09 - services.ssh              - INFO - Running: pct list | grep '^3007 ' || echo 'not_found'
2025-11-26 22:58:10 - libs.common               - INFO - Stopping and destroying container 3007...
2025-11-26 22:58:10 - services.ssh              - INFO - Running: pct stop 3007 2>/dev/null || true; sleep 2; pct destroy 3007 2>&1
2025-11-26 22:58:17 - services.ssh              - INFO - Running: pct list | grep '^3007 ' || echo 'not_found'
2025-11-26 22:58:19 - libs.common               - INFO - Container 3007 destroyed
2025-11-26 22:58:19 - commands.cleanup          - INFO - [4/7] Processing container 3017...
2025-11-26 22:58:19 - services.ssh              - INFO - Running: pct list | grep '^3017 ' || echo 'not_found'
2025-11-26 22:58:20 - libs.common               - INFO - Stopping and destroying container 3017...
2025-11-26 22:58:20 - services.ssh              - INFO - Running: pct stop 3017 2>/dev/null || true; sleep 2; pct destroy 3017 2>&1
2025-11-26 22:58:27 - services.ssh              - INFO - Running: pct list | grep '^3017 ' || echo 'not_found'
2025-11-26 22:58:28 - libs.common               - INFO - Container 3017 destroyed
2025-11-26 22:58:28 - commands.cleanup          - INFO - [5/7] Processing container 3018...
2025-11-26 22:58:28 - services.ssh              - INFO - Running: pct list | grep '^3018 ' || echo 'not_found'
2025-11-26 22:58:29 - libs.common               - INFO - Stopping and destroying container 3018...
2025-11-26 22:58:29 - services.ssh              - INFO - Running: pct stop 3018 2>/dev/null || true; sleep 2; pct destroy 3018 2>&1
2025-11-26 22:58:36 - services.ssh              - INFO - Running: pct list | grep '^3018 ' || echo 'not_found'
2025-11-26 22:58:38 - libs.common               - INFO - Container 3018 destroyed
2025-11-26 22:58:38 - commands.cleanup          - INFO - [6/7] Processing container 3019...
2025-11-26 22:58:38 - services.ssh              - INFO - Running: pct list | grep '^3019 ' || echo 'not_found'
2025-11-26 22:58:39 - libs.common               - INFO - Stopping and destroying container 3019...
2025-11-26 22:58:39 - services.ssh              - INFO - Running: pct stop 3019 2>/dev/null || true; sleep 2; pct destroy 3019 2>&1
2025-11-26 22:58:46 - services.ssh              - INFO - Running: pct list | grep '^3019 ' || echo 'not_found'
2025-11-26 22:58:47 - libs.common               - INFO - Container 3019 destroyed
2025-11-26 22:58:47 - commands.cleanup          - INFO - [7/7] Processing container 3020...
2025-11-26 22:58:47 - services.ssh              - INFO - Running: pct list | grep '^3020 ' || echo 'not_found'
2025-11-26 22:58:49 - libs.common               - INFO - Stopping and destroying container 3020...
2025-11-26 22:58:49 - services.ssh              - INFO - Running: pct stop 3020 2>/dev/null || true; sleep 2; pct destroy 3020 2>&1
2025-11-26 22:58:55 - services.ssh              - INFO - Running: pct list | grep '^3020 ' || echo 'not_found'
2025-11-26 22:58:57 - libs.common               - INFO - Container 3020 destroyed
2025-11-26 22:58:57 - commands.cleanup          - INFO - Verifying all containers are destroyed...
2025-11-26 22:58:57 - services.ssh              - INFO - Running: pct list 2>&1
2025-11-26 22:58:58 - commands.cleanup          - INFO - All containers destroyed
2025-11-26 22:58:58 - commands.cleanup          - INFO - Removing templates...
2025-11-26 22:58:58 - commands.cleanup          - INFO - Cleaning template directory /var/lib/vz/template/cache...
2025-11-26 22:58:58 - services.ssh              - INFO - Running: find /var/lib/vz/template/cache -maxdepth 1 -type f -name '*.tar.zst' -print | wc -l
2025-11-26 22:58:58 - commands.cleanup          - INFO - Removing 2 template files...
2025-11-26 22:58:58 - services.ssh              - INFO - Running: find /var/lib/vz/template/cache -maxdepth 1 -type f -name '*.tar.zst' -delete || true
2025-11-26 22:58:58 - commands.cleanup          - INFO - Templates removed
