2025-11-26 21:59:48 - commands.cleanup          - INFO - ==================================================
2025-11-26 21:59:48 - commands.cleanup          - INFO - Cleaning Up Lab Environment
2025-11-26 21:59:48 - commands.cleanup          - INFO - ==================================================
2025-11-26 21:59:48 - commands.cleanup          - INFO - Destroying ALL containers and templates...
2025-11-26 21:59:48 - paramiko.transport        - INFO - Connected (version 2.0, client OpenSSH_9.2p1)
2025-11-26 21:59:48 - paramiko.transport        - INFO - Authentication (publickey) successful!
2025-11-26 21:59:48 - services.ssh              - INFO - SSH connection established to root@10.11.3.4
2025-11-26 21:59:48 - commands.cleanup          - INFO - Stopping and destroying containers...
2025-11-26 21:59:48 - services.ssh              - INFO - Running: pct list 2>&1
2025-11-26 21:59:50 - commands.cleanup          - INFO - Found 1 containers to destroy: 3020
2025-11-26 21:59:50 - commands.cleanup          - INFO - [1/1] Processing container 3020...
2025-11-26 21:59:50 - services.ssh              - INFO - Running: pct list | grep '^3020 ' || echo 'not_found'
2025-11-26 21:59:51 - libs.common               - INFO - Stopping and destroying container 3020...
2025-11-26 21:59:51 - services.ssh              - INFO - Running: pct stop 3020 2>/dev/null || true; sleep 2; pct destroy 3020 2>&1
2025-11-26 21:59:57 - services.ssh              - INFO - Running: pct list | grep '^3020 ' || echo 'not_found'
2025-11-26 21:59:58 - libs.common               - INFO - Container 3020 destroyed
2025-11-26 21:59:58 - commands.cleanup          - INFO - Verifying all containers are destroyed...
2025-11-26 21:59:58 - services.ssh              - INFO - Running: pct list 2>&1
2025-11-26 22:00:00 - commands.cleanup          - INFO - All containers destroyed
2025-11-26 22:00:00 - commands.cleanup          - INFO - Removing templates...
2025-11-26 22:00:00 - commands.cleanup          - INFO - Cleaning template directory /var/lib/vz/template/cache...
2025-11-26 22:00:00 - services.ssh              - INFO - Running: find /var/lib/vz/template/cache -maxdepth 1 -type f -name '*.tar.zst' -print | wc -l
2025-11-26 22:00:00 - commands.cleanup          - INFO - Removing 1 template files...
2025-11-26 22:00:00 - services.ssh              - INFO - Running: find /var/lib/vz/template/cache -maxdepth 1 -type f -name '*.tar.zst' -delete || true
2025-11-26 22:00:00 - commands.cleanup          - INFO - Templates removed
