2025-11-26 19:04:20 - commands.cleanup          - INFO - ==================================================
2025-11-26 19:04:20 - commands.cleanup          - INFO - Cleaning Up Lab Environment
2025-11-26 19:04:20 - commands.cleanup          - INFO - ==================================================
2025-11-26 19:04:20 - commands.cleanup          - INFO - Destroying ALL containers and templates...
2025-11-26 19:04:20 - paramiko.transport        - INFO - Connected (version 2.0, client OpenSSH_9.2p1)
2025-11-26 19:04:20 - paramiko.transport        - INFO - Authentication (publickey) successful!
2025-11-26 19:04:20 - services.ssh              - INFO - SSH connection established to root@10.11.3.4
2025-11-26 19:04:20 - commands.cleanup          - INFO - Stopping and destroying containers...
2025-11-26 19:04:20 - services.ssh              - INFO - Running: pct list 2>&1
2025-11-26 19:04:22 - services.ssh              - INFO - VMID       Status     Lock         Name                
3005       running                 swarm-manager       
3020       running                 apt-cache
2025-11-26 19:04:22 - commands.cleanup          - INFO - Found 2 containers to destroy: 3005, 3020
2025-11-26 19:04:22 - commands.cleanup          - INFO - [1/2] Processing container 3005...
2025-11-26 19:04:22 - services.ssh              - INFO - Running: pct list | grep '^3005 ' || echo 'not_found'
2025-11-26 19:04:23 - services.ssh              - INFO - 3005       running                 swarm-manager
2025-11-26 19:04:23 - libs.common               - INFO - Stopping and destroying container 3005...
2025-11-26 19:04:23 - services.ssh              - INFO - Running: pct stop 3005 2>/dev/null || true; sleep 2; pct destroy 3005 2>&1
2025-11-26 19:04:29 - services.ssh              - INFO - Running: pct list | grep '^3005 ' || echo 'not_found'
2025-11-26 19:04:31 - services.ssh              - INFO - not_found
2025-11-26 19:04:31 - libs.common               - INFO - Container 3005 destroyed
2025-11-26 19:04:31 - commands.cleanup          - INFO - [2/2] Processing container 3020...
2025-11-26 19:04:31 - services.ssh              - INFO - Running: pct list | grep '^3020 ' || echo 'not_found'
2025-11-26 19:04:32 - services.ssh              - INFO - 3020       running                 apt-cache
2025-11-26 19:04:32 - libs.common               - INFO - Stopping and destroying container 3020...
2025-11-26 19:04:32 - services.ssh              - INFO - Running: pct stop 3020 2>/dev/null || true; sleep 2; pct destroy 3020 2>&1
2025-11-26 19:04:38 - services.ssh              - INFO - Running: pct list | grep '^3020 ' || echo 'not_found'
2025-11-26 19:04:39 - services.ssh              - INFO - not_found
2025-11-26 19:04:39 - libs.common               - INFO - Container 3020 destroyed
2025-11-26 19:04:39 - commands.cleanup          - INFO - Verifying all containers are destroyed...
2025-11-26 19:04:39 - services.ssh              - INFO - Running: pct list 2>&1
2025-11-26 19:04:41 - commands.cleanup          - INFO - All containers destroyed
2025-11-26 19:04:41 - commands.cleanup          - INFO - Removing templates...
2025-11-26 19:04:41 - commands.cleanup          - INFO - Cleaning template directory /var/lib/vz/template/cache...
2025-11-26 19:04:41 - services.ssh              - INFO - Running: find /var/lib/vz/template/cache -maxdepth 1 -type f -name '*.tar.zst' -print | wc -l
2025-11-26 19:04:41 - services.ssh              - INFO - 1
2025-11-26 19:04:41 - commands.cleanup          - INFO - Removing 1 template files...
2025-11-26 19:04:41 - services.ssh              - INFO - Running: find /var/lib/vz/template/cache -maxdepth 1 -type f -name '*.tar.zst' -delete || true
2025-11-26 19:04:41 - commands.cleanup          - INFO - Templates removed
