2025-11-26 19:46:53 - paramiko.transport        - INFO - Connected (version 2.0, client OpenSSH_9.2p1)
2025-11-26 19:46:53 - paramiko.transport        - INFO - Authentication (publickey) successful!
2025-11-26 19:46:53 - services.ssh              - INFO - SSH connection established to root@10.11.3.4
2025-11-26 19:46:53 - commands.status           - INFO - ==================================================
2025-11-26 19:46:53 - commands.status           - INFO - Lab Status
2025-11-26 19:46:53 - commands.status           - INFO - ==================================================
2025-11-26 19:46:53 - commands.status           - INFO - 
Containers:
2025-11-26 19:46:53 - services.ssh              - INFO - Running: pct list 2>&1
2025-11-26 19:46:54 - commands.status           - INFO -   No containers found
2025-11-26 19:46:54 - commands.status           - INFO - 
Templates:
2025-11-26 19:46:54 - services.ssh              - INFO - Running: ls -lh /var/lib/vz/template/cache/*.tar.zst 2>/dev/null || echo 'No templates'
2025-11-26 19:46:55 - commands.status           - INFO - No templates
2025-11-26 19:46:55 - commands.status           - INFO - 
Docker Swarm:
2025-11-26 19:46:55 - paramiko.transport        - INFO - Connected (version 2.0, client OpenSSH_9.2p1)
2025-11-26 19:46:55 - paramiko.transport        - INFO - Authentication (publickey) successful!
2025-11-26 19:46:55 - services.ssh              - INFO - SSH connection established to root@10.11.3.4
2025-11-26 19:46:55 - services.ssh              - INFO - Running: pct status 3005
2025-11-26 19:46:56 - commands.status           - INFO -   Swarm manager container exists (ID 3005)
